0 info it worked if it ends with ok
1 verbose cli [ 'C:\\Program Files\\nodejs\\node.exe',
1 verbose cli   'C:\\Program Files\\nodejs\\node_modules\\npm\\bin\\npm-cli.js',
1 verbose cli   'install',
1 verbose cli   'angular' ]
2 info using npm@2.15.9
3 info using node@v4.6.0
4 verbose install initial load of C:\Users\AhsanAK\Desktop\AppBakerz\31-01-2017\package.json
5 verbose installManyTop reading scoped package data from C:\Users\AhsanAK\Desktop\AppBakerz\31-01-2017\node_modules\angular\package.json
6 verbose installManyTop reading scoped package data from C:\Users\AhsanAK\Desktop\AppBakerz\31-01-2017\node_modules\angular-animate\package.json
7 verbose installManyTop reading scoped package data from C:\Users\AhsanAK\Desktop\AppBakerz\31-01-2017\node_modules\angular-aria\package.json
8 verbose installManyTop reading scoped package data from C:\Users\AhsanAK\Desktop\AppBakerz\31-01-2017\node_modules\angular-filter\package.json
9 verbose installManyTop reading scoped package data from C:\Users\AhsanAK\Desktop\AppBakerz\31-01-2017\node_modules\angular-material\package.json
10 verbose installManyTop reading scoped package data from C:\Users\AhsanAK\Desktop\AppBakerz\31-01-2017\node_modules\angular-messages\package.json
11 verbose installManyTop reading scoped package data from C:\Users\AhsanAK\Desktop\AppBakerz\31-01-2017\node_modules\angular-route\package.json
12 verbose installManyTop reading scoped package data from C:\Users\AhsanAK\Desktop\AppBakerz\31-01-2017\node_modules\mdi\package.json
13 info package.json angular-material@1.1.1 No license field.
14 info package.json mdi@1.7.22 No license field.
15 verbose readDependencies loading dependencies from C:\Users\AhsanAK\Desktop\AppBakerz\31-01-2017\package.json
16 verbose install angular is installed as 1.6.1
17 silly cache add args [ 'angular', null ]
18 verbose cache add spec angular
19 silly cache add parsed spec Result {
19 silly cache add   raw: 'angular',
19 silly cache add   scope: null,
19 silly cache add   name: 'angular',
19 silly cache add   rawSpec: '',
19 silly cache add   spec: 'latest',
19 silly cache add   type: 'tag' }
20 silly addNamed angular@latest
21 verbose addNamed "latest" is being treated as a dist-tag for angular
22 info addNameTag [ 'angular', 'latest' ]
23 silly mapToRegistry name angular
24 silly mapToRegistry using default registry
25 silly mapToRegistry registry https://registry.npmjs.org/
26 silly mapToRegistry data Result {
26 silly mapToRegistry   raw: 'angular',
26 silly mapToRegistry   scope: null,
26 silly mapToRegistry   name: 'angular',
26 silly mapToRegistry   rawSpec: '',
26 silly mapToRegistry   spec: 'latest',
26 silly mapToRegistry   type: 'tag' }
27 silly mapToRegistry uri https://registry.npmjs.org/angular
28 verbose addNameTag registry:https://registry.npmjs.org/angular not in flight; fetching
29 verbose request uri https://registry.npmjs.org/angular
30 verbose request no auth needed
31 info attempt registry request try #1 at 11:54:20 AM
32 verbose request id d882c4eac303c704
33 http request GET https://registry.npmjs.org/angular
34 http 200 https://registry.npmjs.org/angular
35 verbose headers { server: 'nginx/1.10.1',
35 verbose headers   'content-type': 'application/json',
35 verbose headers   'last-modified': 'Sat, 28 Jan 2017 20:02:10 GMT',
35 verbose headers   etag: 'W/"588cf8c2-23c14"',
35 verbose headers   'content-encoding': 'gzip',
35 verbose headers   'cache-control': 'max-age=300',
35 verbose headers   'content-length': '14977',
35 verbose headers   'accept-ranges': 'bytes',
35 verbose headers   date: 'Tue, 31 Jan 2017 06:54:21 GMT',
35 verbose headers   via: '1.1 varnish',
35 verbose headers   age: '69',
35 verbose headers   connection: 'keep-alive',
35 verbose headers   'x-served-by': 'cache-hhn1539-HHN',
35 verbose headers   'x-cache': 'HIT',
35 verbose headers   'x-cache-hits': '1',
35 verbose headers   'x-timer': 'S1485845661.582276,VS0,VE0',
35 verbose headers   vary: 'Accept-Encoding' }
36 silly get cb [ 200,
36 silly get   { server: 'nginx/1.10.1',
36 silly get     'content-type': 'application/json',
36 silly get     'last-modified': 'Sat, 28 Jan 2017 20:02:10 GMT',
36 silly get     etag: 'W/"588cf8c2-23c14"',
36 silly get     'content-encoding': 'gzip',
36 silly get     'cache-control': 'max-age=300',
36 silly get     'content-length': '14977',
36 silly get     'accept-ranges': 'bytes',
36 silly get     date: 'Tue, 31 Jan 2017 06:54:21 GMT',
36 silly get     via: '1.1 varnish',
36 silly get     age: '69',
36 silly get     connection: 'keep-alive',
36 silly get     'x-served-by': 'cache-hhn1539-HHN',
36 silly get     'x-cache': 'HIT',
36 silly get     'x-cache-hits': '1',
36 silly get     'x-timer': 'S1485845661.582276,VS0,VE0',
36 silly get     vary: 'Accept-Encoding' } ]
37 verbose get saving angular to C:\Users\AhsanAK\AppData\Roaming\npm-cache\registry.npmjs.org\angular\.cache.json
38 verbose correctMkdir C:\Users\AhsanAK\AppData\Roaming\npm-cache correctMkdir not in flight; initializing
39 silly addNameTag next cb for angular with tag latest
40 silly addNamed angular@1.6.1
41 verbose addNamed "1.6.1" is a plain semver version for angular
42 silly mapToRegistry name angular
43 silly mapToRegistry using default registry
44 silly mapToRegistry registry https://registry.npmjs.org/
45 silly mapToRegistry data Result {
45 silly mapToRegistry   raw: 'angular',
45 silly mapToRegistry   scope: null,
45 silly mapToRegistry   name: 'angular',
45 silly mapToRegistry   rawSpec: '',
45 silly mapToRegistry   spec: 'latest',
45 silly mapToRegistry   type: 'tag' }
46 silly mapToRegistry uri https://registry.npmjs.org/angular
47 verbose addRemoteTarball https://registry.npmjs.org/angular/-/angular-1.6.1.tgz not in flight; adding
48 verbose addRemoteTarball [ 'https://registry.npmjs.org/angular/-/angular-1.6.1.tgz',
48 verbose addRemoteTarball   'a7b6d763a74c157325692619e97257e69d9b6a27' ]
49 info retry fetch attempt 1 at 11:54:22 AM
50 info attempt registry request try #1 at 11:54:22 AM
51 http fetch GET https://registry.npmjs.org/angular/-/angular-1.6.1.tgz
52 http fetch 200 https://registry.npmjs.org/angular/-/angular-1.6.1.tgz
53 silly fetchAndShaCheck shasum a7b6d763a74c157325692619e97257e69d9b6a27
54 verbose addTmpTarball C:\Users\AhsanAK\AppData\Local\Temp\npm-4244-01967218\registry.npmjs.org\angular\-\angular-1.6.1.tgz not in flight; adding
55 verbose addTmpTarball already have metadata; skipping unpack for angular@1.6.1
56 verbose correctMkdir C:\Users\AhsanAK\AppData\Roaming\npm-cache correctMkdir not in flight; initializing
57 silly cache afterAdd angular@1.6.1
58 verbose afterAdd C:\Users\AhsanAK\AppData\Roaming\npm-cache\angular\1.6.1\package\package.json not in flight; writing
59 verbose correctMkdir C:\Users\AhsanAK\AppData\Roaming\npm-cache correctMkdir not in flight; initializing
60 verbose afterAdd C:\Users\AhsanAK\AppData\Roaming\npm-cache\angular\1.6.1\package\package.json written
61 silly install resolved [ { name: 'angular',
61 silly install resolved     version: '1.6.1',
61 silly install resolved     description: 'HTML enhanced for web apps',
61 silly install resolved     main: 'index.js',
61 silly install resolved     scripts: { test: 'echo "Error: no test specified" && exit 1' },
61 silly install resolved     repository:
61 silly install resolved      { type: 'git',
61 silly install resolved        url: 'git+https://github.com/angular/angular.js.git' },
61 silly install resolved     keywords: [ 'angular', 'framework', 'browser', 'client-side' ],
61 silly install resolved     author:
61 silly install resolved      { name: 'Angular Core Team',
61 silly install resolved        email: 'angular-core+npm@google.com' },
61 silly install resolved     license: 'MIT',
61 silly install resolved     bugs: { url: 'https://github.com/angular/angular.js/issues' },
61 silly install resolved     homepage: 'http://angularjs.org',
61 silly install resolved     gitHead: '3828060389c83384b0a162eea82b21f183aa060c',
61 silly install resolved     _id: 'angular@1.6.1',
61 silly install resolved     _shasum: 'a7b6d763a74c157325692619e97257e69d9b6a27',
61 silly install resolved     _from: 'angular@latest',
61 silly install resolved     _npmVersion: '3.10.9',
61 silly install resolved     _nodeVersion: '6.9.2',
61 silly install resolved     _npmUser: { name: 'angularcore', email: 'angular-core+npm@google.com' },
61 silly install resolved     dist:
61 silly install resolved      { shasum: 'a7b6d763a74c157325692619e97257e69d9b6a27',
61 silly install resolved        tarball: 'https://registry.npmjs.org/angular/-/angular-1.6.1.tgz' },
61 silly install resolved     maintainers: [ [Object], [Object] ],
61 silly install resolved     _npmOperationalInternal:
61 silly install resolved      { host: 'packages-12-west.internal.npmjs.com',
61 silly install resolved        tmp: 'tmp/angular-1.6.1.tgz_1482490830968_0.9382589478045702' },
61 silly install resolved     directories: {},
61 silly install resolved     _resolved: 'https://registry.npmjs.org/angular/-/angular-1.6.1.tgz' } ]
62 info install angular@1.6.1 into C:\Users\AhsanAK\Desktop\AppBakerz\31-01-2017
63 info installOne angular@1.6.1
64 verbose installOne of angular to C:\Users\AhsanAK\Desktop\AppBakerz\31-01-2017 not in flight; installing
65 verbose correctMkdir C:\Users\AhsanAK\AppData\Roaming\npm-cache\_locks correctMkdir not in flight; initializing
66 verbose lock using C:\Users\AhsanAK\AppData\Roaming\npm-cache\_locks\angular-48e54dc97cd5ea01.lock for C:\Users\AhsanAK\Desktop\AppBakerz\31-01-2017\node_modules\angular
67 silly install write writing angular 1.6.1 to C:\Users\AhsanAK\Desktop\AppBakerz\31-01-2017\node_modules\angular
68 verbose unbuild node_modules\angular
69 info preuninstall angular@1.6.1
70 info uninstall angular@1.6.1
71 verbose unbuild rmStuff angular@1.6.1 from C:\Users\AhsanAK\Desktop\AppBakerz\31-01-2017\node_modules
72 info postuninstall angular@1.6.1
73 silly gentlyRm C:\Users\AhsanAK\Desktop\AppBakerz\31-01-2017\node_modules\angular is being purged from base C:\Users\AhsanAK\Desktop\AppBakerz\31-01-2017
74 verbose gentlyRm don't care about contents; nuking C:\Users\AhsanAK\Desktop\AppBakerz\31-01-2017\node_modules\angular
75 silly vacuum-fs purging C:\Users\AhsanAK\Desktop\AppBakerz\31-01-2017\node_modules\angular
76 silly vacuum-fs quitting because other entries in C:\Users\AhsanAK\Desktop\AppBakerz\31-01-2017\node_modules
77 verbose tar unpack C:\Users\AhsanAK\AppData\Roaming\npm-cache\angular\1.6.1\package.tgz
78 verbose tar unpacking to C:\Users\AhsanAK\Desktop\AppBakerz\31-01-2017\node_modules\angular
79 silly gentlyRm C:\Users\AhsanAK\Desktop\AppBakerz\31-01-2017\node_modules\angular is being purged
80 verbose gentlyRm don't care about contents; nuking C:\Users\AhsanAK\Desktop\AppBakerz\31-01-2017\node_modules\angular
81 silly gunzTarPerm modes [ '777', '666' ]
82 silly gunzTarPerm extractEntry package.json
83 silly gunzTarPerm modified mode [ 'package.json', 420, 438 ]
84 silly gunzTarPerm extractEntry README.md
85 silly gunzTarPerm modified mode [ 'README.md', 420, 438 ]
86 silly gunzTarPerm extractEntry angular.js
87 silly gunzTarPerm modified mode [ 'angular.js', 420, 438 ]
88 silly gunzTarPerm extractEntry angular.min.js
89 silly gunzTarPerm modified mode [ 'angular.min.js', 420, 438 ]
90 silly gunzTarPerm extractEntry index.js
91 silly gunzTarPerm modified mode [ 'index.js', 420, 438 ]
92 silly gunzTarPerm extractEntry LICENSE.md
93 silly gunzTarPerm modified mode [ 'LICENSE.md', 420, 438 ]
94 silly gunzTarPerm extractEntry angular-csp.css
95 silly gunzTarPerm modified mode [ 'angular-csp.css', 420, 438 ]
96 silly gunzTarPerm extractEntry angular.min.js.gzip
97 silly gunzTarPerm modified mode [ 'angular.min.js.gzip', 420, 438 ]
98 silly gunzTarPerm extractEntry angular.min.js.map
99 silly gunzTarPerm modified mode [ 'angular.min.js.map', 420, 438 ]
100 silly gunzTarPerm extractEntry bower.json
101 silly gunzTarPerm modified mode [ 'bower.json', 420, 438 ]
102 verbose write writing to C:\Users\AhsanAK\Desktop\AppBakerz\31-01-2017\node_modules\angular\package.json
103 info preinstall angular@1.6.1
104 verbose readDependencies loading dependencies from C:\Users\AhsanAK\Desktop\AppBakerz\31-01-2017\node_modules\angular\package.json
105 verbose readDependencies loading dependencies from C:\Users\AhsanAK\Desktop\AppBakerz\31-01-2017\node_modules\angular\package.json
106 silly install resolved []
107 verbose about to build C:\Users\AhsanAK\Desktop\AppBakerz\31-01-2017\node_modules\angular
108 info build C:\Users\AhsanAK\Desktop\AppBakerz\31-01-2017\node_modules\angular
109 info linkStuff angular@1.6.1
110 silly linkStuff angular@1.6.1 has C:\Users\AhsanAK\Desktop\AppBakerz\31-01-2017\node_modules as its parent node_modules
111 verbose linkBins angular@1.6.1
112 verbose linkMans angular@1.6.1
113 verbose rebuildBundles angular@1.6.1
114 info install angular@1.6.1
115 info postinstall angular@1.6.1
116 verbose unlock done using C:\Users\AhsanAK\AppData\Roaming\npm-cache\_locks\angular-48e54dc97cd5ea01.lock for C:\Users\AhsanAK\Desktop\AppBakerz\31-01-2017\node_modules\angular
117 verbose validateInstall loading C:\Users\AhsanAK\Desktop\AppBakerz\31-01-2017\package.json for validation
118 verbose stack Error: The package angular@1.6.1 does not satisfy its siblings' peerDependencies requirements!
118 verbose stack     at C:\Users\AhsanAK\AppData\Roaming\nvm\v4.6.0\node_modules\npm\lib\install.js:125:32
118 verbose stack     at C:\Users\AhsanAK\AppData\Roaming\nvm\v4.6.0\node_modules\npm\lib\install.js:268:7
118 verbose stack     at C:\Users\AhsanAK\AppData\Roaming\nvm\v4.6.0\node_modules\npm\node_modules\read-installed\read-installed.js:142:5
118 verbose stack     at C:\Users\AhsanAK\AppData\Roaming\nvm\v4.6.0\node_modules\npm\node_modules\read-installed\read-installed.js:263:14
118 verbose stack     at cb (C:\Users\AhsanAK\AppData\Roaming\nvm\v4.6.0\node_modules\npm\node_modules\slide\lib\async-map.js:47:24)
118 verbose stack     at C:\Users\AhsanAK\AppData\Roaming\nvm\v4.6.0\node_modules\npm\node_modules\read-installed\read-installed.js:263:14
118 verbose stack     at asyncMap (C:\Users\AhsanAK\AppData\Roaming\nvm\v4.6.0\node_modules\npm\node_modules\slide\lib\async-map.js:27:18)
118 verbose stack     at next (C:\Users\AhsanAK\AppData\Roaming\nvm\v4.6.0\node_modules\npm\node_modules\read-installed\read-installed.js:234:5)
118 verbose stack     at C:\Users\AhsanAK\AppData\Roaming\nvm\v4.6.0\node_modules\npm\node_modules\read-installed\read-installed.js:167:12
118 verbose stack     at C:\Users\AhsanAK\AppData\Roaming\nvm\v4.6.0\node_modules\npm\node_modules\read-package-json\read-json.js:356:5
119 verbose cwd C:\Users\AhsanAK\Desktop\AppBakerz\31-01-2017\QuizApp
120 error Windows_NT 6.3.9600
121 error argv "C:\\Program Files\\nodejs\\node.exe" "C:\\Program Files\\nodejs\\node_modules\\npm\\bin\\npm-cli.js" "install" "angular"
122 error node v4.6.0
123 error npm  v2.15.9
124 error code EPEERINVALID
125 error peerinvalid The package angular@1.6.1 does not satisfy its siblings' peerDependencies requirements!
125 error peerinvalid Peer angular-material@1.1.1 wants angular@>=1.3 <1.6
126 verbose exit [ 1, true ]
